2025-11-09 19:10:00 | DEBUG | repo=pv243-javaee-7 | action=pull
2025-05-05 18:17:00 | WARN | repo=pv243-javaee-7 | action=commit
2025-11-23 14:55:00 | INFO | repo=pv243-javaee-7 | action=commit
2025-06-08 10:50:00 | DEBUG | repo=pv243-javaee-7 | action=commit
2025-04-12 12:54:00 | WARN | repo=pv243-javaee-7 | action=commit
2025-07-01 21:50:00 | WARN | repo=pv243-javaee-7 | action=commit
2025-09-23 07:42:00 | DEBUG | repo=pv243-javaee-7 | action=commit
2025-12-23 21:02:00 | DEBUG | repo=pv243-javaee-7 | action=commit
2025-03-19 07:04:00 | INFO | repo=pv243-javaee-7 | action=commit
2025-02-22 09:40:00 | WARN | repo=pv243-javaee-7 | action=commit
2025-07-02 13:35:00 | WARN | repo=pv243-javaee-7 | action=commit
2025-04-27 14:20:00 | DEBUG | repo=pv243-javaee-7 | action=commit
2025-05-14 18:16:00 | INFO | repo=pv243-javaee-7 | action=commit
2025-05-13 12:12:00 | DEBUG | repo=pv243-javaee-7 | action=commit
2025-11-03 07:51:00 | DEBUG | repo=pv243-javaee-7 | action=pull
2025-06-20 12:40:00 | DEBUG | repo=pv243-javaee-7 | action=commit
2025-09-19 13:45:00 | WARN | repo=pv243-javaee-7 | action=commit
2025-11-07 20:33:00 | DEBUG | repo=pv243-javaee-7 | action=commit
2025-11-15 07:05:00 | INFO | repo=pv243-javaee-7 | action=commit
2025-03-07 09:35:00 | INFO | repo=pv243-javaee-7 | action=commit
2025-01-15 07:53:00 | WARN | repo=pv243-javaee-7 | action=commit
2025-12-03 14:38:00 | WARN | repo=pv243-javaee-7 | action=commit
2025-02-14 18:18:00 | INFO | repo=pv243-javaee-7 | action=commit
2025-04-03 12:28:00 | INFO | repo=pv243-javaee-7 | action=commit
2025-10-15 07:02:00 | DEBUG | repo=pv243-javaee-7 | action=commit
2025-11-04 08:35:00 | INFO | repo=pv243-javaee-7 | action=commit
2025-10-09 13:42:00 | WARN | repo=pv243-javaee-7 | action=commit
2025-07-04 08:55:00 | INFO | repo=pv243-javaee-7 | action=commit
2025-06-27 20:26:00 | INFO | repo=pv243-javaee-7 | action=commit
2025-12-16 11:11:00 | WARN | repo=pv243-javaee-7 | action=commit
2025-01-05 20:35:00 | WARN | repo=pv243-javaee-7 | action=commit
2025-08-28 21:50:00 | WARN | repo=pv243-javaee-7 | action=commit
2025-02-08 20:39:00 | DEBUG | repo=pv243-javaee-7 | action=commit
2025-02-27 07:36:00 | WARN | repo=pv243-javaee-7 | action=commit
2025-05-23 08:10:00 | DEBUG | repo=pv243-javaee-7 | action=commit
2025-01-10 11:21:00 | WARN | repo=pv243-javaee-7 | action=commit
2025-02-26 09:48:00 | DEBUG | repo=pv243-javaee-7 | action=commit
2025-04-02 17:16:00 | INFO | repo=pv243-javaee-7 | action=commit
2025-10-01 07:32:00 | WARN | repo=pv243-javaee-7 | action=pull
2025-07-14 21:32:00 | WARN | repo=pv243-javaee-7 | action=commit
2025-06-19 16:13:00 | DEBUG | repo=pv243-javaee-7 | action=commit
2025-05-15 08:45:00 | DEBUG | repo=pv243-javaee-7 | action=commit
2025-04-05 15:56:00 | INFO | repo=pv243-javaee-7 | action=commit
2025-12-15 20:10:00 | INFO | repo=pv243-javaee-7 | action=commit
2025-11-16 08:47:00 | WARN | repo=pv243-javaee-7 | action=commit
2025-05-19 18:15:00 | INFO | repo=pv243-javaee-7 | action=commit
2025-08-09 14:52:00 | WARN | repo=pv243-javaee-7 | action=commit
2025-07-13 21:40:00 | INFO | repo=pv243-javaee-7 | action=commit
2025-07-12 18:06:00 | WARN | repo=pv243-javaee-7 | action=test | passed=true
2025-09-07 11:30:00 | DEBUG | repo=pv243-javaee-7 | action=commit
2025-04-26 08:44:00 | DEBUG | repo=pv243-javaee-7 | action=commit
2025-01-05 07:31:00 | INFO | repo=pv243-javaee-7 | action=commit
2025-08-24 16:30:00 | WARN | repo=pv243-javaee-7 | action=commit
2025-01-12 14:06:00 | INFO | repo=pv243-javaee-7 | action=commit
2025-04-15 18:50:00 | DEBUG | repo=pv243-javaee-7 | action=commit
2025-05-18 20:43:00 | INFO | repo=pv243-javaee-7 | action=commit
2025-06-06 14:40:00 | INFO | repo=pv243-javaee-7 | action=commit
2025-09-23 08:25:00 | DEBUG | repo=pv243-javaee-7 | action=commit
2025-05-09 12:05:00 | INFO | repo=pv243-javaee-7 | action=commit
2025-08-03 20:59:00 | DEBUG | repo=pv243-javaee-7 | action=commit
2025-12-14 11:39:00 | WARN | repo=pv243-javaee-7 | action=pull
2025-05-18 20:03:00 | INFO | repo=pv243-javaee-7 | action=commit
2025-01-25 20:37:00 | INFO | repo=pv243-javaee-7 | action=commit
2025-05-23 19:54:00 | INFO | repo=pv243-javaee-7 | action=commit
2025-04-18 13:16:00 | INFO | repo=pv243-javaee-7 | action=edit | files=2
2025-09-13 17:41:00 | INFO | repo=pv243-javaee-7 | action=commit
2025-01-16 19:45:00 | INFO | repo=pv243-javaee-7 | action=commit
2025-12-18 09:25:00 | DEBUG | repo=pv243-javaee-7 | action=commit
2025-08-18 19:49:00 | WARN | repo=pv243-javaee-7 | action=commit
2025-08-22 14:43:00 | DEBUG | repo=pv243-javaee-7 | action=commit
2025-12-13 11:19:00 | WARN | repo=pv243-javaee-7 | action=commit
2025-02-02 17:21:00 | WARN | repo=pv243-javaee-7 | action=test | passed=true
2025-10-25 13:52:00 | INFO | repo=pv243-javaee-7 | action=commit
2025-07-02 16:46:00 | DEBUG | repo=pv243-javaee-7 | action=commit
2025-03-02 08:46:00 | INFO | repo=pv243-javaee-7 | action=commit
2025-03-06 10:43:00 | WARN | repo=pv243-javaee-7 | action=pull
2025-02-16 18:18:00 | DEBUG | repo=pv243-javaee-7 | action=commit
2025-04-04 13:41:00 | WARN | repo=pv243-javaee-7 | action=commit
2025-09-15 13:27:00 | INFO | repo=pv243-javaee-7 | action=commit
2025-09-04 07:55:00 | WARN | repo=pv243-javaee-7 | action=commit
2025-04-04 19:52:00 | INFO | repo=pv243-javaee-7 | action=commit
2025-04-11 17:45:00 | DEBUG | repo=pv243-javaee-7 | action=commit
2025-05-14 09:53:00 | INFO | repo=pv243-javaee-7 | action=commit
2025-07-20 16:24:00 | WARN | repo=pv243-javaee-7 | action=test | passed=true
2025-06-05 07:49:00 | DEBUG | repo=pv243-javaee-7 | action=commit
2025-01-03 10:44:00 | DEBUG | repo=pv243-javaee-7 | action=commit
2025-06-11 11:55:00 | INFO | repo=pv243-javaee-7 | action=edit | files=2
2025-06-10 20:36:00 | INFO | repo=pv243-javaee-7 | action=commit
2025-05-09 14:06:00 | DEBUG | repo=pv243-javaee-7 | action=commit
2025-01-05 14:13:00 | WARN | repo=pv243-javaee-7 | action=commit
2025-05-22 14:12:00 | INFO | repo=pv243-javaee-7 | action=commit
2025-03-13 18:44:00 | INFO | repo=pv243-javaee-7 | action=commit
2025-02-14 08:36:00 | INFO | repo=pv243-javaee-7 | action=commit
2025-12-05 21:47:00 | DEBUG | repo=pv243-javaee-7 | action=commit
2025-05-22 07:13:00 | WARN | repo=pv243-javaee-7 | action=commit
2025-06-10 18:34:00 | WARN | repo=pv243-javaee-7 | action=edit | files=3
2025-07-06 21:39:00 | WARN | repo=pv243-javaee-7 | action=commit
2025-10-01 13:18:00 | INFO | repo=pv243-javaee-7 | action=commit
2025-02-21 07:46:00 | INFO | repo=pv243-javaee-7 | action=test | passed=true
2025-10-08 20:05:00 | INFO | repo=pv243-javaee-7 | action=commit
2025-06-24 08:11:00 | INFO | repo=pv243-javaee-7 | action=commit
2025-10-28 20:40:00 | INFO | repo=pv243-javaee-7 | action=commit
2025-11-13 13:38:00 | DEBUG | repo=pv243-javaee-7 | action=commit
2025-06-24 11:37:00 | WARN | repo=pv243-javaee-7 | action=commit
2025-12-22 16:45:00 | DEBUG | repo=pv243-javaee-7 | action=commit
2025-07-12 14:40:00 | DEBUG | repo=pv243-javaee-7 | action=commit
2025-01-01 20:15:00 | WARN | repo=pv243-javaee-7 | action=commit
